<?xml version="1.0" encoding="UTF-8"?>
<!-- Generated by org.testng.reporters.JUnitReportReporter -->
<testsuite hostname="HieuNg" failures="0" tests="1" name="testsuite001.TC_01" time="3.013" errors="0" timestamp="15 Sep 2022 05:39:11 GMT" skipped="0">
  <testcase classname="testsuite001.TC_01" name="Login_01_Login" time="3.013"/>
</testsuite> <!-- testsuite001.TC_01 -->
